<?xml version="1.0" encoding="UTF-8"?>
<!-- Generated by org.testng.reporters.JUnitReportReporter -->
<testsuite hostname="EC2AMAZ-AMLDUJE" failures="0" tests="2" name="com.recruitment.testCases.TC_Index_01" time="0.622" errors="0" timestamp="16 May 2022 13:43:50 GMT" skipped="0">
  <testcase classname="com.recruitment.testCases.TC_Index_01" name="verifyTitle" time="0.101"/>
  <testcase classname="com.recruitment.testCases.TC_Index_01" name="verifyLogo" time="0.521"/>
</testsuite> <!-- com.recruitment.testCases.TC_Index_01 -->
