<?xml version="1.0" encoding="UTF-8"?>
<!-- Generated by org.testng.reporters.JUnitReportReporter -->
<testsuite hostname="Mani" failures="0" tests="2" name="com.wiki.testCases.TC_Index_01" time="0.089" errors="0" timestamp="16 May 2022 23:40:00 GMT" skipped="0">
  <testcase classname="com.wiki.testCases.TC_Index_01" name="verifyTitle" time="0.008"/>
  <testcase classname="com.wiki.testCases.TC_Index_01" name="verifyLogo" time="0.081"/>
</testsuite> <!-- com.wiki.testCases.TC_Index_01 -->
