<?xml version="1.0" encoding="UTF-8"?>
<!-- Generated by org.testng.reporters.JUnitReportReporter -->
<testsuite hostname="EC2AMAZ-AMLDUJE" failures="0" tests="4" name="com.recruitment.testCases.TC_LoginDDT_002" time="44.679" errors="0" timestamp="15 Feb 2022 00:39:15 GMT" skipped="0">
  <testcase classname="com.recruitment.testCases.TC_LoginDDT_002" name="loginDDT" time="13.591"/>
  <testcase classname="com.recruitment.testCases.TC_LoginDDT_002" name="loginDDT" time="12.761"/>
  <testcase classname="com.recruitment.testCases.TC_LoginDDT_002" name="loginDDT" time="13.002"/>
  <testcase classname="com.recruitment.testCases.TC_LoginDDT_002" name="loginDDT" time="5.325"/>
</testsuite> <!-- com.recruitment.testCases.TC_LoginDDT_002 -->
