<?xml version="1.0" encoding="UTF-8"?>
<!-- Generated by org.testng.reporters.JUnitReportReporter -->
<testsuite hostname="Mani" failures="0" tests="2" name="com.wiki.testCases.TC_SearchBox_04" time="3.951" errors="0" timestamp="16 May 2022 23:40:00 GMT" skipped="0">
  <testcase classname="com.wiki.testCases.TC_SearchBox_04" name="search" time="2.316"/>
  <testcase classname="com.wiki.testCases.TC_SearchBox_04" name="search" time="1.635"/>
</testsuite> <!-- com.wiki.testCases.TC_SearchBox_04 -->
