<?xml version="1.0" encoding="UTF-8"?>
<!-- Generated by org.testng.reporters.JUnitReportReporter -->
<testsuite hostname="EC2AMAZ-AMLDUJE" failures="0" tests="2" name="com.recruitment.testCases.TC_AddProfileTest_002" time="118.548" errors="0" timestamp="02 Feb 2022 12:36:54 GMT" skipped="0">
  <testcase classname="com.recruitment.testCases.TC_AddProfileTest_002" name="AddProfileTest" time="60.500"/>
  <testcase classname="com.recruitment.testCases.TC_AddProfileTest_002" name="AddProfileTest" time="58.048"/>
</testsuite> <!-- com.recruitment.testCases.TC_AddProfileTest_002 -->
