<?xml version="1.0" encoding="UTF-8"?>
<!-- Generated by org.testng.reporters.JUnitReportReporter -->
<testsuite hostname="EC2AMAZ-AMLDUJE" failures="0" tests="3" name="com.recruitment.testCases.TC_AddProfileTestDDT_002" time="106.381" errors="0" timestamp="11 Feb 2022 11:51:59 GMT" skipped="0">
  <testcase classname="com.recruitment.testCases.TC_AddProfileTestDDT_002" name="AddProfileTest" time="31.220"/>
  <testcase classname="com.recruitment.testCases.TC_AddProfileTestDDT_002" name="AddProfileTest" time="46.963"/>
  <testcase classname="com.recruitment.testCases.TC_AddProfileTestDDT_002" name="AddProfileTest" time="28.198"/>
</testsuite> <!-- com.recruitment.testCases.TC_AddProfileTestDDT_002 -->
