<?xml version="1.0" encoding="UTF-8"?>
<!-- Generated by org.testng.reporters.JUnitReportReporter -->
<testsuite hostname="EC2AMAZ-AMLDUJE" failures="0" tests="4" name="com.recruitment.testCases.TC_DetailsReqDDT_002" time="117.311" errors="0" timestamp="05 Feb 2022 07:27:50 GMT" skipped="0">
  <testcase classname="com.recruitment.testCases.TC_DetailsReqDDT_002" name="DetailsRequested" time="30.140"/>
  <testcase classname="com.recruitment.testCases.TC_DetailsReqDDT_002" name="DetailsRequested" time="28.806"/>
  <testcase classname="com.recruitment.testCases.TC_DetailsReqDDT_002" name="DetailsRequested" time="29.055"/>
  <testcase classname="com.recruitment.testCases.TC_DetailsReqDDT_002" name="DetailsRequested" time="29.310"/>
</testsuite> <!-- com.recruitment.testCases.TC_DetailsReqDDT_002 -->
