<?xml version="1.0" encoding="UTF-8"?>
<!-- Generated by org.testng.reporters.JUnitReportReporter -->
<testsuite hostname="Mani" failures="0" tests="1" name="com.wiki.testCases.TC_Login_02" time="10.013" errors="0" timestamp="16 May 2022 23:40:00 GMT" skipped="0">
  <testcase classname="com.wiki.testCases.TC_Login_02" name="loginTest" time="10.013"/>
</testsuite> <!-- com.wiki.testCases.TC_Login_02 -->
