<?xml version="1.0" encoding="UTF-8"?>
<!-- Generated by org.testng.reporters.JUnitReportReporter -->
<testsuite hostname="EC2AMAZ-AMLDUJE" failures="0" tests="1" name="com.recruitment.testCases.TC_LoginTest_001" time="1.170" errors="0" timestamp="16 May 2022 02:39:47 GMT" skipped="0">
  <testcase classname="com.recruitment.testCases.TC_LoginTest_001" name="loginTest" time="1.170"/>
</testsuite> <!-- com.recruitment.testCases.TC_LoginTest_001 -->
