<?xml version="1.0" encoding="UTF-8"?>
<!-- Generated by org.testng.reporters.JUnitReportReporter -->
<testsuite hostname="EC2AMAZ-AMLDUJE" failures="0" tests="2" name="com.recruitment.testCases.TC_AddProfileTest" time="68.259" errors="0" timestamp="16 Jan 2022 08:25:36 GMT" skipped="0">
  <testcase classname="com.recruitment.testCases.TC_AddProfileTest" name="AddProfileTest" time="30.761"/>
  <testcase classname="com.recruitment.testCases.TC_AddProfileTest" name="AddProfileTest" time="37.498"/>
</testsuite> <!-- com.recruitment.testCases.TC_AddProfileTest -->
