<?xml version="1.0" encoding="UTF-8"?>
<!-- Generated by org.testng.reporters.JUnitReportReporter -->
<testsuite hostname="EC2AMAZ-AMLDUJE" failures="0" tests="2" name="com.recruitment.automation.businessScript.ExcuteAllTestCases" time="14.569" errors="0" timestamp="16 Jan 2022 00:07:58 GMT" skipped="0">
  <testcase classname="com.recruitment.automation.businessScript.ExcuteAllTestCases" name="login" time="3.856"/>
  <testcase classname="com.recruitment.automation.businessScript.ExcuteAllTestCases" name="addprofile" time="10.713"/>
</testsuite> <!-- com.recruitment.automation.businessScript.ExcuteAllTestCases -->
