<?xml version="1.0" encoding="UTF-8"?>
<!-- Generated by org.testng.reporters.JUnitReportReporter -->
<testsuite hostname="EC2AMAZ-AMLDUJE" failures="0" tests="1" name="com.recruitment.testCases.TC_Login_02" time="12.264" errors="0" timestamp="16 May 2022 13:43:50 GMT" skipped="0">
  <testcase classname="com.recruitment.testCases.TC_Login_02" name="loginTest" time="12.264"/>
</testsuite> <!-- com.recruitment.testCases.TC_Login_02 -->
