<?xml version="1.0" encoding="UTF-8"?>
<!-- Generated by org.testng.reporters.JUnitReportReporter -->
<testsuite hostname="EC2AMAZ-AMLDUJE" failures="0" tests="1" name="com.recruitment.testCases.TC_DetailsReq_001" time="0.000" errors="0" timestamp="14 May 2022 03:05:40 GMT" skipped="1">
  <testcase classname="com.recruitment.testCases.TC_DetailsReq_001" name="DetailsRequested" time="0.000">
    <skipped/>
  </testcase> <!-- DetailsRequested -->
</testsuite> <!-- com.recruitment.testCases.TC_DetailsReq_001 -->
