<?xml version="1.0" encoding="UTF-8"?>
<!-- Generated by org.testng.reporters.JUnitReportReporter -->
<testsuite hostname="EC2AMAZ-AMLDUJE" failures="0" tests="2" name="com.recruitment.testCases.TC_SearchBox_04" time="9.527" errors="0" timestamp="16 May 2022 13:43:50 GMT" skipped="0">
  <testcase classname="com.recruitment.testCases.TC_SearchBox_04" name="search" time="2.594"/>
  <testcase classname="com.recruitment.testCases.TC_SearchBox_04" name="search" time="6.933"/>
</testsuite> <!-- com.recruitment.testCases.TC_SearchBox_04 -->
